INFO 2023-01-17 06:05:26,209 signals 77455 4549240320 karrio.core signals registered...
INFO 2023-01-17 06:05:26,211 signals 77455 4549240320 karrio.providers signals registered...
INFO 2023-01-17 06:05:26,212 signals 77455 4549240320 karrio.manager signals registered...
INFO 2023-01-17 06:05:26,217 signals 77455 4549240320 karrio.events signals registered...
INFO 2023-01-17 06:05:26,217 signals 77455 4549240320 karrio.documents signals registered...
INFO 2023-01-17 06:05:26,218 signals 77455 4549240320 karrio.data signals registered...
INFO 2023-01-17 06:05:26,218 signals 77455 4549240320 karrio.pricing signals registered...
INFO 2023-01-17 06:05:26,484 signals 77455 4549240320 karrio.order signals registered...
INFO 2023-01-17 06:05:26,487 signals 77455 4549240320 karrio.iam signals registered...
INFO 2023-01-17 06:05:26,489 signals 77455 4549240320 karrio.orgs signals registered...
INFO 2023-01-17 06:05:26,490 signals 77455 4549240320 karrio.orgs signals registered...
INFO 2023-01-17 06:05:26,491 signals 77455 4549240320 karrio.audit signals registered...
INFO 2023-01-17 06:05:26,566 signals 77455 4549240320 karrio.billing signals registered...
INFO 2023-01-17 06:05:29,085 signals 77475 4720383488 karrio.core signals registered...
INFO 2023-01-17 06:05:29,086 signals 77475 4720383488 karrio.providers signals registered...
INFO 2023-01-17 06:05:29,086 signals 77475 4720383488 karrio.manager signals registered...
INFO 2023-01-17 06:05:29,089 signals 77475 4720383488 karrio.events signals registered...
INFO 2023-01-17 06:05:29,089 signals 77475 4720383488 karrio.documents signals registered...
INFO 2023-01-17 06:05:29,090 signals 77475 4720383488 karrio.data signals registered...
INFO 2023-01-17 06:05:29,090 signals 77475 4720383488 karrio.pricing signals registered...
INFO 2023-01-17 06:05:29,238 signals 77475 4720383488 karrio.order signals registered...
INFO 2023-01-17 06:05:29,239 signals 77475 4720383488 karrio.iam signals registered...
INFO 2023-01-17 06:05:29,241 signals 77475 4720383488 karrio.orgs signals registered...
INFO 2023-01-17 06:05:29,243 signals 77475 4720383488 karrio.orgs signals registered...
INFO 2023-01-17 06:05:29,243 signals 77475 4720383488 karrio.audit signals registered...
INFO 2023-01-17 06:05:29,282 signals 77475 4720383488 karrio.billing signals registered...
INFO 2023-01-17 06:05:29,292 autoreload 77475 4720383488 Watching for file changes with StatReloader
INFO 2023-01-17 06:05:42,608 signals 77559 4644038144 karrio.core signals registered...
INFO 2023-01-17 06:05:42,608 signals 77559 4644038144 karrio.providers signals registered...
INFO 2023-01-17 06:05:42,609 signals 77559 4644038144 karrio.manager signals registered...
INFO 2023-01-17 06:05:42,612 signals 77559 4644038144 karrio.events signals registered...
INFO 2023-01-17 06:05:42,612 signals 77559 4644038144 karrio.documents signals registered...
INFO 2023-01-17 06:05:42,612 signals 77559 4644038144 karrio.data signals registered...
INFO 2023-01-17 06:05:42,613 signals 77559 4644038144 karrio.pricing signals registered...
INFO 2023-01-17 06:05:42,766 signals 77559 4644038144 karrio.order signals registered...
INFO 2023-01-17 06:05:42,767 signals 77559 4644038144 karrio.iam signals registered...
INFO 2023-01-17 06:05:42,769 signals 77559 4644038144 karrio.orgs signals registered...
INFO 2023-01-17 06:05:42,771 signals 77559 4644038144 karrio.orgs signals registered...
INFO 2023-01-17 06:05:42,771 signals 77559 4644038144 karrio.audit signals registered...
INFO 2023-01-17 06:05:42,810 signals 77559 4644038144 karrio.billing signals registered...
INFO 2023-01-17 06:05:45,141 signals 77564 4428195328 karrio.core signals registered...
INFO 2023-01-17 06:05:45,142 signals 77564 4428195328 karrio.providers signals registered...
INFO 2023-01-17 06:05:45,142 signals 77564 4428195328 karrio.manager signals registered...
INFO 2023-01-17 06:05:45,145 signals 77564 4428195328 karrio.events signals registered...
INFO 2023-01-17 06:05:45,145 signals 77564 4428195328 karrio.documents signals registered...
INFO 2023-01-17 06:05:45,146 signals 77564 4428195328 karrio.data signals registered...
INFO 2023-01-17 06:05:45,146 signals 77564 4428195328 karrio.pricing signals registered...
INFO 2023-01-17 06:05:45,299 signals 77564 4428195328 karrio.order signals registered...
INFO 2023-01-17 06:05:45,300 signals 77564 4428195328 karrio.iam signals registered...
INFO 2023-01-17 06:05:45,302 signals 77564 4428195328 karrio.orgs signals registered...
INFO 2023-01-17 06:05:45,303 signals 77564 4428195328 karrio.orgs signals registered...
INFO 2023-01-17 06:05:45,304 signals 77564 4428195328 karrio.audit signals registered...
INFO 2023-01-17 06:05:45,342 signals 77564 4428195328 karrio.billing signals registered...
INFO 2023-01-17 06:05:45,352 autoreload 77564 4428195328 Watching for file changes with StatReloader
INFO 2023-01-17 06:06:08,034 basehttp 77564 123145445400576 "GET / HTTP/1.1" 200 624
WARNING 2023-01-17 06:06:08,621 log 77564 123145445400576 Not Found: /favicon.ico
WARNING 2023-01-17 06:06:08,621 basehttp 77564 123145445400576 "GET /favicon.ico HTTP/1.1" 404 18250
INFO 2023-01-17 06:07:04,603 basehttp 77564 123145445400576 "GET /admin/ HTTP/1.1" 302 0
INFO 2023-01-17 06:07:04,637 basehttp 77564 123145445400576 "GET /admin/login/?next=/admin/ HTTP/1.1" 302 0
INFO 2023-01-17 06:07:04,709 basehttp 77564 123145445400576 "GET /login/?next=/admin/ HTTP/1.1" 200 12455
INFO 2023-01-17 06:07:04,750 basehttp 77564 123145445400576 "GET /static/admin/css/base.css HTTP/1.1" 200 20344
INFO 2023-01-17 06:07:04,755 basehttp 77564 123145478979584 "GET /static/admin/css/dark_mode.css HTTP/1.1" 200 796
INFO 2023-01-17 06:07:04,761 basehttp 77564 123145495769088 "GET /static/css/login.css HTTP/1.1" 200 901
INFO 2023-01-17 06:07:04,768 basehttp 77564 123145512558592 "GET /static/admin/css/responsive.css HTTP/1.1" 200 18854
INFO 2023-01-17 06:07:04,772 basehttp 77564 123145529348096 "GET /static/debug_toolbar/css/toolbar.css HTTP/1.1" 200 12378
INFO 2023-01-17 06:07:04,774 basehttp 77564 123145445400576 "GET /static/debug_toolbar/css/print.css HTTP/1.1" 200 43
INFO 2023-01-17 06:07:04,775 basehttp 77564 123145495769088 "GET /static/debug_toolbar/js/toolbar.js HTTP/1.1" 200 13404
INFO 2023-01-17 06:07:04,784 basehttp 77564 123145495769088 "GET /static/admin/css/fonts.css HTTP/1.1" 200 423
INFO 2023-01-17 06:07:04,812 basehttp 77564 123145495769088 "GET /static/debug_toolbar/js/utils.js HTTP/1.1" 200 4527
INFO 2023-01-17 06:07:04,814 basehttp 77564 123145529348096 "GET /static/admin/fonts/Roboto-Light-webfont.woff HTTP/1.1" 200 85692
INFO 2023-01-17 06:07:04,816 basehttp 77564 123145445400576 "GET /static/admin/fonts/Roboto-Regular-webfont.woff HTTP/1.1" 200 85876
INFO 2023-01-17 06:07:04,970 basehttp 77564 123145445400576 "GET /static/branding/favicon.ico HTTP/1.1" 200 15086
INFO 2023-01-17 06:07:08,539 basehttp 77564 123145445400576 "POST /login/?next=/admin/ HTTP/1.1" 302 0
INFO 2023-01-17 06:07:08,679 basehttp 77564 123145445400576 "GET /admin/ HTTP/1.1" 200 42206
INFO 2023-01-17 06:07:08,709 basehttp 77564 123145529348096 "GET /static/admin/css/dashboard.css HTTP/1.1" 200 380
INFO 2023-01-17 06:07:08,709 basehttp 77564 123145445400576 "GET /static/admin/css/nav_sidebar.css HTTP/1.1" 200 2619
INFO 2023-01-17 06:07:08,733 basehttp 77564 123145445400576 "GET /static/admin/js/nav_sidebar.js HTTP/1.1" 200 3763
INFO 2023-01-17 06:07:08,736 basehttp 77564 123145495769088 "GET /static/admin/img/icon-addlink.svg HTTP/1.1" 200 331
INFO 2023-01-17 06:07:08,736 basehttp 77564 123145529348096 "GET /static/admin/img/icon-changelink.svg HTTP/1.1" 200 380
INFO 2023-01-17 06:07:08,736 basehttp 77564 123145512558592 "GET /static/admin/img/icon-viewlink.svg HTTP/1.1" 200 581
INFO 2023-01-17 06:07:08,746 basehttp 77564 123145512558592 "GET /static/admin/fonts/Roboto-Bold-webfont.woff HTTP/1.1" 200 86184
INFO 2023-01-17 06:07:08,755 basehttp 77564 123145512558592 "GET /static/admin/img/icon-deletelink.svg HTTP/1.1" 200 392
INFO 2023-01-17 06:07:11,396 basehttp 77564 123145512558592 "GET /admin/constance/config/ HTTP/1.1" 200 52331
INFO 2023-01-17 06:07:11,443 basehttp 77564 123145512558592 "GET /static/admin/css/changelists.css HTTP/1.1" 200 6395
INFO 2023-01-17 06:07:11,448 basehttp 77564 123145495769088 "GET /static/admin/css/constance.css HTTP/1.1" 200 569
INFO 2023-01-17 06:07:11,450 basehttp 77564 123145546137600 "GET /static/admin/js/jquery.init.js HTTP/1.1" 200 347
INFO 2023-01-17 06:07:11,451 basehttp 77564 123145529348096 "GET /static/admin/css/forms.css HTTP/1.1" 200 8944
INFO 2023-01-17 06:07:11,455 basehttp 77564 123145512558592 "GET /static/admin/js/core.js HTTP/1.1" 200 5698
INFO 2023-01-17 06:07:11,455 basehttp 77564 123145546137600 "GET /static/admin/js/actions.js HTTP/1.1" 200 7872
INFO 2023-01-17 06:07:11,457 basehttp 77564 123145495769088 "GET /static/admin/js/admin/RelatedObjectLookups.js HTTP/1.1" 200 8985
INFO 2023-01-17 06:07:11,459 basehttp 77564 123145512558592 "GET /static/admin/js/prepopulate.js HTTP/1.1" 200 1531
INFO 2023-01-17 06:07:11,460 basehttp 77564 123145529348096 "GET /static/admin/js/urlify.js HTTP/1.1" 200 7902
INFO 2023-01-17 06:07:11,461 basehttp 77564 123145495769088 "GET /static/admin/js/constance.js HTTP/1.1" 200 1160
INFO 2023-01-17 06:07:11,463 basehttp 77564 123145512558592 "GET /static/admin/js/collapse.js HTTP/1.1" 200 1803
INFO 2023-01-17 06:07:11,465 basehttp 77564 123145495769088 "GET /static/admin/css/widgets.css HTTP/1.1" 200 11297
INFO 2023-01-17 06:07:11,467 basehttp 77564 123145546137600 "GET /static/admin/js/vendor/xregexp/xregexp.js HTTP/1.1" 200 232381
INFO 2023-01-17 06:07:11,468 basehttp 77564 123145478979584 "GET /static/admin/js/vendor/jquery/jquery.js HTTP/1.1" 200 288580
INFO 2023-01-17 06:07:11,478 basehttp 77564 123145478979584 "GET /static/admin/img/icon-yes.svg HTTP/1.1" 200 436
INFO 2023-01-17 06:07:11,481 basehttp 77564 123145478979584 "GET /static/admin/img/icon-no.svg HTTP/1.1" 200 560
INFO 2023-01-17 06:07:11,511 basehttp 77564 123145445400576 "GET /admin/jsi18n/ HTTP/1.1" 200 3343
INFO 2023-01-17 06:08:24,130 autoreload 77564 4428195328 /Users/danielkobina/Workspace/project/karrio/server/main/karrio/server/settings/email.py changed, reloading.
INFO 2023-01-17 06:08:27,234 signals 77756 4685198848 karrio.core signals registered...
INFO 2023-01-17 06:08:27,235 signals 77756 4685198848 karrio.providers signals registered...
INFO 2023-01-17 06:08:27,235 signals 77756 4685198848 karrio.manager signals registered...
INFO 2023-01-17 06:08:27,238 signals 77756 4685198848 karrio.events signals registered...
INFO 2023-01-17 06:08:27,238 signals 77756 4685198848 karrio.documents signals registered...
INFO 2023-01-17 06:08:27,239 signals 77756 4685198848 karrio.data signals registered...
INFO 2023-01-17 06:08:27,239 signals 77756 4685198848 karrio.pricing signals registered...
INFO 2023-01-17 06:08:27,397 signals 77756 4685198848 karrio.order signals registered...
INFO 2023-01-17 06:08:27,398 signals 77756 4685198848 karrio.iam signals registered...
INFO 2023-01-17 06:08:27,400 signals 77756 4685198848 karrio.orgs signals registered...
INFO 2023-01-17 06:08:27,401 signals 77756 4685198848 karrio.orgs signals registered...
INFO 2023-01-17 06:08:27,402 signals 77756 4685198848 karrio.audit signals registered...
INFO 2023-01-17 06:08:27,441 signals 77756 4685198848 karrio.billing signals registered...
INFO 2023-01-17 06:08:27,451 autoreload 77756 4685198848 Watching for file changes with StatReloader
INFO 2023-01-17 06:08:40,125 autoreload 77756 4685198848 /Users/danielkobina/Workspace/project/karrio/server/main/karrio/server/settings/email.py changed, reloading.
INFO 2023-01-17 06:08:43,160 signals 77803 4406875648 karrio.core signals registered...
INFO 2023-01-17 06:08:43,161 signals 77803 4406875648 karrio.providers signals registered...
INFO 2023-01-17 06:08:43,162 signals 77803 4406875648 karrio.manager signals registered...
INFO 2023-01-17 06:08:43,165 signals 77803 4406875648 karrio.events signals registered...
INFO 2023-01-17 06:08:43,165 signals 77803 4406875648 karrio.documents signals registered...
INFO 2023-01-17 06:08:43,165 signals 77803 4406875648 karrio.data signals registered...
INFO 2023-01-17 06:08:43,166 signals 77803 4406875648 karrio.pricing signals registered...
INFO 2023-01-17 06:08:43,321 signals 77803 4406875648 karrio.order signals registered...
INFO 2023-01-17 06:08:43,322 signals 77803 4406875648 karrio.iam signals registered...
INFO 2023-01-17 06:08:43,324 signals 77803 4406875648 karrio.orgs signals registered...
INFO 2023-01-17 06:08:43,325 signals 77803 4406875648 karrio.orgs signals registered...
INFO 2023-01-17 06:08:43,326 signals 77803 4406875648 karrio.audit signals registered...
INFO 2023-01-17 06:08:43,364 signals 77803 4406875648 karrio.billing signals registered...
INFO 2023-01-17 06:08:43,374 autoreload 77803 4406875648 Watching for file changes with StatReloader
INFO 2023-01-17 06:09:32,907 autoreload 77803 4406875648 /Users/danielkobina/Workspace/project/karrio/server/main/karrio/server/settings/base.py changed, reloading.
INFO 2023-01-17 06:09:36,025 signals 77883 4600247808 karrio.core signals registered...
INFO 2023-01-17 06:09:36,026 signals 77883 4600247808 karrio.providers signals registered...
INFO 2023-01-17 06:09:36,026 signals 77883 4600247808 karrio.manager signals registered...
INFO 2023-01-17 06:09:36,029 signals 77883 4600247808 karrio.events signals registered...
INFO 2023-01-17 06:09:36,030 signals 77883 4600247808 karrio.documents signals registered...
INFO 2023-01-17 06:09:36,030 signals 77883 4600247808 karrio.data signals registered...
INFO 2023-01-17 06:09:36,030 signals 77883 4600247808 karrio.pricing signals registered...
INFO 2023-01-17 06:09:36,187 signals 77883 4600247808 karrio.order signals registered...
INFO 2023-01-17 06:09:36,188 signals 77883 4600247808 karrio.iam signals registered...
INFO 2023-01-17 06:09:36,190 signals 77883 4600247808 karrio.orgs signals registered...
INFO 2023-01-17 06:09:36,191 signals 77883 4600247808 karrio.orgs signals registered...
INFO 2023-01-17 06:09:36,192 signals 77883 4600247808 karrio.audit signals registered...
INFO 2023-01-17 06:09:36,231 signals 77883 4600247808 karrio.billing signals registered...
INFO 2023-01-17 06:09:36,241 autoreload 77883 4600247808 Watching for file changes with StatReloader
